<?xml version="1.0" encoding="UTF-8"?>
<!-- Generated by org.testng.reporters.JUnitXMLReporter -->
<testsuite hostname="Admin-Pc" ignored="0" name="Test" tests="1" failures="1" timestamp="2019-11-04T23:09:02 IST" time="0.074" errors="0">
  <testcase name="runCreateLead" time="0.0" classname="week4.day1.CreateLead">
    <failure type="org.testng.TestNGException" message="
Method public void week4.day1.CreateLead.runCreateLead(java.lang.String,java.lang.String,java.lang.String) requires a @DataProvider named : fetchData">
      <![CDATA[org.testng.TestNGException: 
Method public void week4.day1.CreateLead.runCreateLead(java.lang.String,java.lang.String,java.lang.String) requires a @DataProvider named : fetchData
at java.util.ArrayList.forEach(Unknown Source)
... Removed 24 stack frames]]>
    </failure>
  </testcase> <!-- runCreateLead -->
</testsuite> <!-- Test -->
